<testsuite failures="0" name="src/test/java/com/karate/Test1.feature" skipped="0" tests="1" time="0.894062">
  <testcase classname="src.test.java.com.karate.Test1" name="testing the get call for User Details" time="0.894062">
    <system-out>Given url 'https://reqres.in/api/users/2' ................................. passed
When method GET ........................................................... passed
Then status 200 ........................................................... passed</system-out>
  </testcase>
</testsuite>
